{"/Users/WorkPlace/Desktop/Semester 6/Software Project/badaso-lms-demo/package/badaso/badaso-lms-theme/src/resources/app/components/AddCourseCard.vue": {"path":"/Users/WorkPlace/Desktop/Semester 6/Software Project/badaso-lms-demo/package/badaso/badaso-lms-theme/src/resources/app/components/AddCourseCard.vue","statementMap":{"0":{"start":{"line":41,"column":0},"end":{"line":41,"column":null}},"1":{"start":{"line":45,"column":0},"end":{"line":45,"column":null}},"2":{"start":{"line":1,"column":0},"end":{"line":1,"column":null}}},"fnMap":{"0":{"name":"actionRedirectToCreateCoursePage","decl":{"start":{"line":40,"column":0},"end":{"line":40,"column":null}},"loc":{"start":{"line":40,"column":0},"end":{"line":42,"column":null}}},"1":{"name":"actionRedirectToJoinCoursePage","decl":{"start":{"line":44,"column":0},"end":{"line":44,"column":null}},"loc":{"start":{"line":44,"column":0},"end":{"line":46,"column":null}}},"2":{"name":"(anonymous_2)","decl":{"start":{"line":1,"column":0},"end":{"line":1,"column":null}},"loc":{"start":{"line":1,"column":0},"end":{"line":1,"column":null}}}},"branchMap":{},"s":{"0":1,"1":1,"2":24},"f":{"0":1,"1":1,"2":6},"b":{}}
,"/Users/WorkPlace/Desktop/Semester 6/Software Project/badaso-lms-demo/package/badaso/badaso-lms-theme/src/resources/app/components/AnnouncementCard.vue": {"path":"/Users/WorkPlace/Desktop/Semester 6/Software Project/badaso-lms-demo/package/badaso/badaso-lms-theme/src/resources/app/components/AnnouncementCard.vue","statementMap":{"0":{"start":{"line":1,"column":0},"end":{"line":1,"column":null}}},"fnMap":{"0":{"name":"(anonymous_0)","decl":{"start":{"line":1,"column":0},"end":{"line":1,"column":null}},"loc":{"start":{"line":1,"column":0},"end":{"line":1,"column":null}}}},"branchMap":{"0":{"loc":{"start":{"line":1,"column":0},"end":{"line":1,"column":null}},"type":"cond-expr","locations":[{"start":{"line":1,"column":0},"end":{"line":1,"column":null}},{"start":{"line":1,"column":0},"end":{"line":1,"column":null}}]}},"s":{"0":45},"f":{"0":24},"b":{"0":[18,0]}}
,"/Users/WorkPlace/Desktop/Semester 6/Software Project/badaso-lms-demo/package/badaso/badaso-lms-theme/src/resources/app/components/AnnouncementContent.vue": {"path":"/Users/WorkPlace/Desktop/Semester 6/Software Project/badaso-lms-demo/package/badaso/badaso-lms-theme/src/resources/app/components/AnnouncementContent.vue","statementMap":{"0":{"start":{"line":1,"column":0},"end":{"line":1,"column":null}}},"fnMap":{"0":{"name":"(anonymous_0)","decl":{"start":{"line":1,"column":0},"end":{"line":1,"column":null}},"loc":{"start":{"line":1,"column":0},"end":{"line":1,"column":null}}}},"branchMap":{"0":{"loc":{"start":{"line":1,"column":0},"end":{"line":1,"column":null}},"type":"cond-expr","locations":[{"start":{"line":1,"column":0},"end":{"line":1,"column":null}},{"start":{"line":1,"column":0},"end":{"line":1,"column":null}}]}},"s":{"0":72},"f":{"0":20},"b":{"0":[30,20]}}
,"/Users/WorkPlace/Desktop/Semester 6/Software Project/badaso-lms-demo/package/badaso/badaso-lms-theme/src/resources/app/components/CourseCard.vue": {"path":"/Users/WorkPlace/Desktop/Semester 6/Software Project/badaso-lms-demo/package/badaso/badaso-lms-theme/src/resources/app/components/CourseCard.vue","statementMap":{"0":{"start":{"line":45,"column":0},"end":{"line":45,"column":null}},"1":{"start":{"line":1,"column":0},"end":{"line":1,"column":null}}},"fnMap":{"0":{"name":"actionRedirectToCoursePage","decl":{"start":{"line":44,"column":0},"end":{"line":44,"column":null}},"loc":{"start":{"line":44,"column":0},"end":{"line":46,"column":null}}},"1":{"name":"(anonymous_1)","decl":{"start":{"line":1,"column":0},"end":{"line":1,"column":null}},"loc":{"start":{"line":1,"column":0},"end":{"line":1,"column":null}}}},"branchMap":{},"s":{"0":1,"1":22},"f":{"0":1,"1":6},"b":{}}
,"/Users/WorkPlace/Desktop/Semester 6/Software Project/badaso-lms-demo/package/badaso/badaso-lms-theme/src/resources/app/components/CreateAnnouncement.vue": {"path":"/Users/WorkPlace/Desktop/Semester 6/Software Project/badaso-lms-demo/package/badaso/badaso-lms-theme/src/resources/app/components/CreateAnnouncement.vue","statementMap":{"0":{"start":{"line":1,"column":0},"end":{"line":1,"column":null}}},"fnMap":{"0":{"name":"(anonymous_0)","decl":{"start":{"line":1,"column":0},"end":{"line":1,"column":null}},"loc":{"start":{"line":1,"column":0},"end":{"line":1,"column":null}}}},"branchMap":{"0":{"loc":{"start":{"line":1,"column":0},"end":{"line":1,"column":null}},"type":"cond-expr","locations":[{"start":{"line":1,"column":0},"end":{"line":1,"column":null}},{"start":{"line":1,"column":0},"end":{"line":1,"column":null}}]}},"s":{"0":46},"f":{"0":18},"b":{"0":[14,14]}}
,"/Users/WorkPlace/Desktop/Semester 6/Software Project/badaso-lms-demo/package/badaso/badaso-lms-theme/src/resources/app/components/Sidebar.vue": {"path":"/Users/WorkPlace/Desktop/Semester 6/Software Project/badaso-lms-demo/package/badaso/badaso-lms-theme/src/resources/app/components/Sidebar.vue","statementMap":{"0":{"start":{"line":1,"column":0},"end":{"line":1,"column":null}}},"fnMap":{"0":{"name":"(anonymous_0)","decl":{"start":{"line":1,"column":0},"end":{"line":1,"column":null}},"loc":{"start":{"line":1,"column":0},"end":{"line":1,"column":null}}}},"branchMap":{"0":{"loc":{"start":{"line":1,"column":0},"end":{"line":1,"column":null}},"type":"cond-expr","locations":[{"start":{"line":1,"column":0},"end":{"line":1,"column":null}},{"start":{"line":1,"column":0},"end":{"line":1,"column":null}}]}},"s":{"0":53},"f":{"0":10},"b":{"0":[1,4]}}
,"/Users/WorkPlace/Desktop/Semester 6/Software Project/badaso-lms-demo/package/badaso/badaso-lms-theme/src/resources/app/components/Snackbar.vue": {"path":"/Users/WorkPlace/Desktop/Semester 6/Software Project/badaso-lms-demo/package/badaso/badaso-lms-theme/src/resources/app/components/Snackbar.vue","statementMap":{"0":{"start":{"line":23,"column":0},"end":{"line":23,"column":null}},"1":{"start":{"line":26,"column":0},"end":{"line":26,"column":null}},"2":{"start":{"line":31,"column":0},"end":{"line":31,"column":null}},"3":{"start":{"line":1,"column":0},"end":{"line":1,"column":null}}},"fnMap":{"0":{"name":"getIsVisible","decl":{"start":{"line":22,"column":0},"end":{"line":22,"column":null}},"loc":{"start":{"line":22,"column":0},"end":{"line":24,"column":null}}},"1":{"name":"getContent","decl":{"start":{"line":25,"column":0},"end":{"line":25,"column":null}},"loc":{"start":{"line":25,"column":0},"end":{"line":27,"column":null}}},"2":{"name":"close","decl":{"start":{"line":30,"column":0},"end":{"line":30,"column":null}},"loc":{"start":{"line":30,"column":0},"end":{"line":32,"column":null}}},"3":{"name":"(anonymous_3)","decl":{"start":{"line":1,"column":0},"end":{"line":1,"column":null}},"loc":{"start":{"line":1,"column":0},"end":{"line":1,"column":null}}}},"branchMap":{},"s":{"0":2,"1":2,"2":0,"3":39},"f":{"0":2,"1":2,"2":0,"3":2},"b":{}}
,"/Users/WorkPlace/Desktop/Semester 6/Software Project/badaso-lms-demo/package/badaso/badaso-lms-theme/src/resources/app/components/Container/AnnouncementContainer.vue": {"path":"/Users/WorkPlace/Desktop/Semester 6/Software Project/badaso-lms-demo/package/badaso/badaso-lms-theme/src/resources/app/components/Container/AnnouncementContainer.vue","statementMap":{"0":{"start":{"line":1,"column":0},"end":{"line":1,"column":null}}},"fnMap":{"0":{"name":"(anonymous_0)","decl":{"start":{"line":1,"column":0},"end":{"line":1,"column":null}},"loc":{"start":{"line":1,"column":0},"end":{"line":1,"column":null}}}},"branchMap":{},"s":{"0":12},"f":{"0":2},"b":{}}
,"/Users/WorkPlace/Desktop/Semester 6/Software Project/badaso-lms-demo/package/badaso/badaso-lms-theme/src/resources/app/components/Layout/AppLayout.vue": {"path":"/Users/WorkPlace/Desktop/Semester 6/Software Project/badaso-lms-demo/package/badaso/badaso-lms-theme/src/resources/app/components/Layout/AppLayout.vue","statementMap":{"0":{"start":{"line":1,"column":0},"end":{"line":1,"column":null}}},"fnMap":{"0":{"name":"(anonymous_0)","decl":{"start":{"line":1,"column":0},"end":{"line":1,"column":null}},"loc":{"start":{"line":1,"column":0},"end":{"line":1,"column":null}}}},"branchMap":{},"s":{"0":36},"f":{"0":2},"b":{}}
,"/Users/WorkPlace/Desktop/Semester 6/Software Project/badaso-lms-demo/package/badaso/badaso-lms-theme/src/resources/app/components/Layout/CreationLayout.vue": {"path":"/Users/WorkPlace/Desktop/Semester 6/Software Project/badaso-lms-demo/package/badaso/badaso-lms-theme/src/resources/app/components/Layout/CreationLayout.vue","statementMap":{"0":{"start":{"line":1,"column":0},"end":{"line":1,"column":null}}},"fnMap":{"0":{"name":"(anonymous_0)","decl":{"start":{"line":1,"column":0},"end":{"line":1,"column":null}},"loc":{"start":{"line":1,"column":0},"end":{"line":1,"column":null}}}},"branchMap":{"0":{"loc":{"start":{"line":1,"column":0},"end":{"line":1,"column":null}},"type":"cond-expr","locations":[{"start":{"line":1,"column":0},"end":{"line":1,"column":null}},{"start":{"line":1,"column":0},"end":{"line":1,"column":null}}]}},"s":{"0":33},"f":{"0":8},"b":{"0":[6,4]}}
,"/Users/WorkPlace/Desktop/Semester 6/Software Project/badaso-lms-demo/package/badaso/badaso-lms-theme/src/resources/app/components/Layout/NotAuthenticated.vue": {"path":"/Users/WorkPlace/Desktop/Semester 6/Software Project/badaso-lms-demo/package/badaso/badaso-lms-theme/src/resources/app/components/Layout/NotAuthenticated.vue","statementMap":{"0":{"start":{"line":11,"column":0},"end":{"line":13,"column":null}},"1":{"start":{"line":12,"column":0},"end":{"line":12,"column":null}},"2":{"start":{"line":1,"column":0},"end":{"line":1,"column":null}}},"fnMap":{"0":{"name":"beforeCreate","decl":{"start":{"line":10,"column":0},"end":{"line":10,"column":null}},"loc":{"start":{"line":10,"column":0},"end":{"line":14,"column":null}}},"1":{"name":"(anonymous_1)","decl":{"start":{"line":1,"column":0},"end":{"line":1,"column":null}},"loc":{"start":{"line":1,"column":0},"end":{"line":1,"column":null}}}},"branchMap":{"0":{"loc":{"start":{"line":11,"column":0},"end":{"line":13,"column":null}},"type":"if","locations":[{"start":{"line":11,"column":0},"end":{"line":13,"column":null}}]}},"s":{"0":2,"1":1,"2":15},"f":{"0":2,"1":2},"b":{"0":[1]}}
,"/Users/WorkPlace/Desktop/Semester 6/Software Project/badaso-lms-demo/package/badaso/badaso-lms-theme/src/resources/app/pages/Classwork.vue": {"path":"/Users/WorkPlace/Desktop/Semester 6/Software Project/badaso-lms-demo/package/badaso/badaso-lms-theme/src/resources/app/pages/Classwork.vue","statementMap":{"0":{"start":{"line":86,"column":0},"end":{"line":86,"column":null}},"1":{"start":{"line":93,"column":0},"end":{"line":93,"column":null}},"2":{"start":{"line":97,"column":0},"end":{"line":97,"column":null}},"3":{"start":{"line":101,"column":0},"end":{"line":101,"column":null}},"4":{"start":{"line":112,"column":0},"end":{"line":112,"column":null}},"5":{"start":{"line":114,"column":0},"end":{"line":114,"column":null}},"6":{"start":{"line":115,"column":0},"end":{"line":115,"column":null}},"7":{"start":{"line":116,"column":0},"end":{"line":118,"column":null}},"8":{"start":{"line":117,"column":0},"end":{"line":117,"column":null}},"9":{"start":{"line":125,"column":0},"end":{"line":125,"column":null}},"10":{"start":{"line":128,"column":0},"end":{"line":128,"column":null}},"11":{"start":{"line":1,"column":0},"end":{"line":1,"column":null}}},"fnMap":{"0":{"name":"data","decl":{"start":{"line":85,"column":0},"end":{"line":85,"column":null}},"loc":{"start":{"line":85,"column":0},"end":{"line":90,"column":null}}},"1":{"name":"redirectToCreateTopic","decl":{"start":{"line":92,"column":0},"end":{"line":92,"column":null}},"loc":{"start":{"line":92,"column":0},"end":{"line":94,"column":null}}},"2":{"name":"redirectToUpdateTopic","decl":{"start":{"line":96,"column":0},"end":{"line":96,"column":null}},"loc":{"start":{"line":96,"column":0},"end":{"line":98,"column":null}}},"3":{"name":"redirectToCreateMaterial","decl":{"start":{"line":100,"column":0},"end":{"line":100,"column":null}},"loc":{"start":{"line":100,"column":0},"end":{"line":102,"column":null}}},"4":{"name":"deleteTopic","decl":{"start":{"line":104,"column":0},"end":{"line":104,"column":null}},"loc":{"start":{"line":104,"column":0},"end":{"line":110,"column":null}}},"5":{"name":"getTopic","decl":{"start":{"line":112,"column":0},"end":{"line":112,"column":null}},"loc":{"start":{"line":112,"column":0},"end":{"line":121,"column":null}}},"6":{"name":"mounted","decl":{"start":{"line":124,"column":0},"end":{"line":124,"column":null}},"loc":{"start":{"line":124,"column":0},"end":{"line":126,"column":null}}},"7":{"name":"created","decl":{"start":{"line":127,"column":0},"end":{"line":127,"column":null}},"loc":{"start":{"line":127,"column":0},"end":{"line":129,"column":null}}},"8":{"name":"(anonymous_10)","decl":{"start":{"line":1,"column":0},"end":{"line":1,"column":null}},"loc":{"start":{"line":1,"column":0},"end":{"line":1,"column":null}}}},"branchMap":{"0":{"loc":{"start":{"line":112,"column":0},"end":{"line":112,"column":null}},"type":"switch","locations":[{"start":{"line":112,"column":0},"end":{"line":112,"column":null}},{"start":{"line":112,"column":0},"end":{"line":112,"column":null}},{"start":{"line":112,"column":0},"end":{"line":112,"column":null}},{"start":{"line":112,"column":0},"end":{"line":112,"column":null}},{"start":{"line":112,"column":0},"end":{"line":112,"column":null}}]}},"s":{"0":0,"1":0,"2":0,"3":0,"4":0,"5":0,"6":0,"7":0,"8":0,"9":0,"10":0,"11":0},"f":{"0":0,"1":0,"2":0,"3":0,"4":0,"5":0,"6":0,"7":0,"8":0},"b":{"0":[0,0,0,0,0]}}
,"/Users/WorkPlace/Desktop/Semester 6/Software Project/badaso-lms-demo/package/badaso/badaso-lms-theme/src/resources/app/pages/CreateTopic.vue": {"path":"/Users/WorkPlace/Desktop/Semester 6/Software Project/badaso-lms-demo/package/badaso/badaso-lms-theme/src/resources/app/pages/CreateTopic.vue","statementMap":{"0":{"start":{"line":45,"column":0},"end":{"line":45,"column":null}},"1":{"start":{"line":54,"column":0},"end":{"line":54,"column":null}},"2":{"start":{"line":58,"column":0},"end":{"line":58,"column":null}},"3":{"start":{"line":61,"column":0},"end":{"line":61,"column":null}},"4":{"start":{"line":62,"column":0},"end":{"line":62,"column":null}},"5":{"start":{"line":61,"column":0},"end":{"line":64,"column":null}},"6":{"start":{"line":64,"column":0},"end":{"line":64,"column":null}},"7":{"start":{"line":68,"column":0},"end":{"line":68,"column":null}},"8":{"start":{"line":73,"column":0},"end":{"line":73,"column":null}},"9":{"start":{"line":1,"column":0},"end":{"line":1,"column":null}}},"fnMap":{"0":{"name":"data","decl":{"start":{"line":44,"column":0},"end":{"line":44,"column":null}},"loc":{"start":{"line":44,"column":0},"end":{"line":51,"column":null}}},"1":{"name":"(anonymous_1)","decl":{"start":{"line":48,"column":0},"end":{"line":48,"column":null}},"loc":{"start":{"line":48,"column":0},"end":{"line":48,"column":null}}},"2":{"name":"(anonymous_2)","decl":{"start":{"line":49,"column":0},"end":{"line":49,"column":null}},"loc":{"start":{"line":49,"column":0},"end":{"line":49,"column":null}}},"3":{"name":"redirectBackToClasswork","decl":{"start":{"line":53,"column":0},"end":{"line":53,"column":null}},"loc":{"start":{"line":53,"column":0},"end":{"line":55,"column":null}}},"4":{"name":"validate","decl":{"start":{"line":57,"column":0},"end":{"line":57,"column":null}},"loc":{"start":{"line":57,"column":0},"end":{"line":59,"column":null}}},"5":{"name":"createTopic","decl":{"start":{"line":61,"column":0},"end":{"line":61,"column":null}},"loc":{"start":{"line":61,"column":0},"end":{"line":70,"column":null}}},"6":{"name":"mounted","decl":{"start":{"line":72,"column":0},"end":{"line":72,"column":null}},"loc":{"start":{"line":72,"column":0},"end":{"line":74,"column":null}}},"7":{"name":"(anonymous_9)","decl":{"start":{"line":1,"column":0},"end":{"line":1,"column":null}},"loc":{"start":{"line":1,"column":0},"end":{"line":1,"column":null}}}},"branchMap":{"0":{"loc":{"start":{"line":61,"column":0},"end":{"line":61,"column":null}},"type":"switch","locations":[{"start":{"line":61,"column":0},"end":{"line":64,"column":null}},{"start":{"line":61,"column":0},"end":{"line":68,"column":null}},{"start":{"line":61,"column":0},"end":{"line":61,"column":null}},{"start":{"line":61,"column":0},"end":{"line":61,"column":null}}]},"1":{"loc":{"start":{"line":61,"column":0},"end":{"line":61,"column":null}},"type":"if","locations":[{"start":{"line":61,"column":0},"end":{"line":61,"column":null}}]}},"s":{"0":0,"1":0,"2":0,"3":0,"4":0,"5":0,"6":0,"7":0,"8":0,"9":0},"f":{"0":0,"1":0,"2":0,"3":0,"4":0,"5":0,"6":0,"7":0},"b":{"0":[0,0,0,0],"1":[0]}}
,"/Users/WorkPlace/Desktop/Semester 6/Software Project/badaso-lms-demo/package/badaso/badaso-lms-theme/src/resources/app/pages/JoinCourse.vue": {"path":"/Users/WorkPlace/Desktop/Semester 6/Software Project/badaso-lms-demo/package/badaso/badaso-lms-theme/src/resources/app/pages/JoinCourse.vue","statementMap":{"0":{"start":{"line":1,"column":0},"end":{"line":1,"column":null}}},"fnMap":{"0":{"name":"(anonymous_0)","decl":{"start":{"line":1,"column":0},"end":{"line":1,"column":null}},"loc":{"start":{"line":1,"column":0},"end":{"line":1,"column":null}}}},"branchMap":{},"s":{"0":21},"f":{"0":9},"b":{}}
,"/Users/WorkPlace/Desktop/Semester 6/Software Project/badaso-lms-demo/package/badaso/badaso-lms-theme/src/resources/app/pages/PeopleInCourse.vue": {"path":"/Users/WorkPlace/Desktop/Semester 6/Software Project/badaso-lms-demo/package/badaso/badaso-lms-theme/src/resources/app/pages/PeopleInCourse.vue","statementMap":{"0":{"start":{"line":1,"column":0},"end":{"line":1,"column":null}}},"fnMap":{"0":{"name":"(anonymous_0)","decl":{"start":{"line":1,"column":0},"end":{"line":1,"column":null}},"loc":{"start":{"line":1,"column":0},"end":{"line":1,"column":null}}}},"branchMap":{"0":{"loc":{"start":{"line":1,"column":0},"end":{"line":1,"column":null}},"type":"cond-expr","locations":[{"start":{"line":1,"column":0},"end":{"line":1,"column":null}},{"start":{"line":1,"column":0},"end":{"line":1,"column":null}}]}},"s":{"0":8},"f":{"0":3},"b":{"0":[1,1]}}
,"/Users/WorkPlace/Desktop/Semester 6/Software Project/badaso-lms-demo/package/badaso/badaso-lms-theme/src/resources/app/pages/UpdateTopic.vue": {"path":"/Users/WorkPlace/Desktop/Semester 6/Software Project/badaso-lms-demo/package/badaso/badaso-lms-theme/src/resources/app/pages/UpdateTopic.vue","statementMap":{"0":{"start":{"line":46,"column":0},"end":{"line":46,"column":null}},"1":{"start":{"line":55,"column":0},"end":{"line":55,"column":null}},"2":{"start":{"line":59,"column":0},"end":{"line":59,"column":null}},"3":{"start":{"line":62,"column":0},"end":{"line":62,"column":null}},"4":{"start":{"line":63,"column":0},"end":{"line":63,"column":null}},"5":{"start":{"line":62,"column":0},"end":{"line":65,"column":null}},"6":{"start":{"line":65,"column":0},"end":{"line":65,"column":null}},"7":{"start":{"line":68,"column":0},"end":{"line":68,"column":null}},"8":{"start":{"line":73,"column":0},"end":{"line":73,"column":null}},"9":{"start":{"line":1,"column":0},"end":{"line":1,"column":null}}},"fnMap":{"0":{"name":"data","decl":{"start":{"line":45,"column":0},"end":{"line":45,"column":null}},"loc":{"start":{"line":45,"column":0},"end":{"line":52,"column":null}}},"1":{"name":"(anonymous_1)","decl":{"start":{"line":49,"column":0},"end":{"line":49,"column":null}},"loc":{"start":{"line":49,"column":0},"end":{"line":49,"column":null}}},"2":{"name":"(anonymous_2)","decl":{"start":{"line":50,"column":0},"end":{"line":50,"column":null}},"loc":{"start":{"line":50,"column":0},"end":{"line":50,"column":null}}},"3":{"name":"redirectBackToClasswork","decl":{"start":{"line":54,"column":0},"end":{"line":54,"column":null}},"loc":{"start":{"line":54,"column":0},"end":{"line":56,"column":null}}},"4":{"name":"validate","decl":{"start":{"line":58,"column":0},"end":{"line":58,"column":null}},"loc":{"start":{"line":58,"column":0},"end":{"line":60,"column":null}}},"5":{"name":"updateTopic","decl":{"start":{"line":62,"column":0},"end":{"line":62,"column":null}},"loc":{"start":{"line":62,"column":0},"end":{"line":70,"column":null}}},"6":{"name":"mounted","decl":{"start":{"line":72,"column":0},"end":{"line":72,"column":null}},"loc":{"start":{"line":72,"column":0},"end":{"line":74,"column":null}}},"7":{"name":"(anonymous_9)","decl":{"start":{"line":1,"column":0},"end":{"line":1,"column":null}},"loc":{"start":{"line":1,"column":0},"end":{"line":1,"column":null}}}},"branchMap":{"0":{"loc":{"start":{"line":62,"column":0},"end":{"line":62,"column":null}},"type":"switch","locations":[{"start":{"line":62,"column":0},"end":{"line":65,"column":null}},{"start":{"line":62,"column":0},"end":{"line":68,"column":null}},{"start":{"line":62,"column":0},"end":{"line":62,"column":null}},{"start":{"line":62,"column":0},"end":{"line":62,"column":null}}]},"1":{"loc":{"start":{"line":62,"column":0},"end":{"line":62,"column":null}},"type":"if","locations":[{"start":{"line":62,"column":0},"end":{"line":62,"column":null}}]}},"s":{"0":0,"1":0,"2":0,"3":0,"4":0,"5":0,"6":0,"7":0,"8":0,"9":0},"f":{"0":0,"1":0,"2":0,"3":0,"4":0,"5":0,"6":0,"7":0},"b":{"0":[0,0,0,0],"1":[0]}}
,"/Users/WorkPlace/Desktop/Semester 6/Software Project/badaso-lms-demo/package/badaso/badaso-lms-theme/src/resources/app/pages/ViewCourse.vue": {"path":"/Users/WorkPlace/Desktop/Semester 6/Software Project/badaso-lms-demo/package/badaso/badaso-lms-theme/src/resources/app/pages/ViewCourse.vue","statementMap":{"0":{"start":{"line":1,"column":0},"end":{"line":1,"column":null}}},"fnMap":{"0":{"name":"(anonymous_0)","decl":{"start":{"line":1,"column":0},"end":{"line":1,"column":null}},"loc":{"start":{"line":1,"column":0},"end":{"line":1,"column":null}}}},"branchMap":{},"s":{"0":15},"f":{"0":6},"b":{}}
,"/Users/WorkPlace/Desktop/Semester 6/Software Project/badaso-lms-demo/package/badaso/badaso-lms-theme/src/resources/app/pages/courseStream.vue": {"path":"/Users/WorkPlace/Desktop/Semester 6/Software Project/badaso-lms-demo/package/badaso/badaso-lms-theme/src/resources/app/pages/courseStream.vue","statementMap":{"0":{"start":{"line":1,"column":0},"end":{"line":1,"column":null}}},"fnMap":{"0":{"name":"(anonymous_0)","decl":{"start":{"line":1,"column":0},"end":{"line":1,"column":null}},"loc":{"start":{"line":1,"column":0},"end":{"line":1,"column":null}}}},"branchMap":{"0":{"loc":{"start":{"line":1,"column":0},"end":{"line":1,"column":null}},"type":"cond-expr","locations":[{"start":{"line":1,"column":0},"end":{"line":1,"column":null}},{"start":{"line":1,"column":0},"end":{"line":1,"column":null}}]}},"s":{"0":23},"f":{"0":10},"b":{"0":[4,6]}}
,"/Users/WorkPlace/Desktop/Semester 6/Software Project/badaso-lms-demo/package/badaso/badaso-lms-theme/src/resources/app/pages/index.vue": {"path":"/Users/WorkPlace/Desktop/Semester 6/Software Project/badaso-lms-demo/package/badaso/badaso-lms-theme/src/resources/app/pages/index.vue","statementMap":{"0":{"start":{"line":1,"column":0},"end":{"line":1,"column":null}}},"fnMap":{"0":{"name":"(anonymous_0)","decl":{"start":{"line":1,"column":0},"end":{"line":1,"column":null}},"loc":{"start":{"line":1,"column":0},"end":{"line":1,"column":null}}}},"branchMap":{},"s":{"0":6},"f":{"0":1},"b":{}}
,"/Users/WorkPlace/Desktop/Semester 6/Software Project/badaso-lms-demo/package/badaso/badaso-lms-theme/src/resources/app/pages/login.vue": {"path":"/Users/WorkPlace/Desktop/Semester 6/Software Project/badaso-lms-demo/package/badaso/badaso-lms-theme/src/resources/app/pages/login.vue","statementMap":{"0":{"start":{"line":1,"column":0},"end":{"line":1,"column":null}}},"fnMap":{"0":{"name":"(anonymous_0)","decl":{"start":{"line":1,"column":0},"end":{"line":1,"column":null}},"loc":{"start":{"line":1,"column":0},"end":{"line":1,"column":null}}}},"branchMap":{"0":{"loc":{"start":{"line":1,"column":0},"end":{"line":1,"column":null}},"type":"binary-expr","locations":[{"start":{"line":1,"column":0},"end":{"line":1,"column":null}},{"start":{"line":1,"column":0},"end":{"line":1,"column":null}}]}},"s":{"0":37},"f":{"0":19},"b":{"0":[10,3]}}
,"/Users/WorkPlace/Desktop/Semester 6/Software Project/badaso-lms-demo/package/badaso/badaso-lms-theme/src/resources/app/pages/register.vue": {"path":"/Users/WorkPlace/Desktop/Semester 6/Software Project/badaso-lms-demo/package/badaso/badaso-lms-theme/src/resources/app/pages/register.vue","statementMap":{"0":{"start":{"line":1,"column":0},"end":{"line":1,"column":null}}},"fnMap":{"0":{"name":"(anonymous_0)","decl":{"start":{"line":1,"column":0},"end":{"line":1,"column":null}},"loc":{"start":{"line":1,"column":0},"end":{"line":1,"column":null}}}},"branchMap":{"0":{"loc":{"start":{"line":1,"column":0},"end":{"line":1,"column":null}},"type":"binary-expr","locations":[{"start":{"line":1,"column":0},"end":{"line":1,"column":null}},{"start":{"line":1,"column":0},"end":{"line":1,"column":null}}]}},"s":{"0":47},"f":{"0":26},"b":{"0":[10,4]}}
,"/Users/WorkPlace/Desktop/Semester 6/Software Project/badaso-lms-demo/package/badaso/badaso-lms-theme/src/resources/app/pages/course/Announcement.vue": {"path":"/Users/WorkPlace/Desktop/Semester 6/Software Project/badaso-lms-demo/package/badaso/badaso-lms-theme/src/resources/app/pages/course/Announcement.vue","statementMap":{"0":{"start":{"line":1,"column":0},"end":{"line":1,"column":null}}},"fnMap":{"0":{"name":"(anonymous_0)","decl":{"start":{"line":1,"column":0},"end":{"line":1,"column":null}},"loc":{"start":{"line":1,"column":0},"end":{"line":1,"column":null}}}},"branchMap":{},"s":{"0":6},"f":{"0":1},"b":{}}
,"/Users/WorkPlace/Desktop/Semester 6/Software Project/badaso-lms-demo/package/badaso/badaso-lms-theme/src/resources/app/pages/course/CourseMaterial.vue": {"path":"/Users/WorkPlace/Desktop/Semester 6/Software Project/badaso-lms-demo/package/badaso/badaso-lms-theme/src/resources/app/pages/course/CourseMaterial.vue","statementMap":{"0":{"start":{"line":1,"column":0},"end":{"line":1,"column":null}}},"fnMap":{"0":{"name":"(anonymous_0)","decl":{"start":{"line":1,"column":0},"end":{"line":1,"column":null}},"loc":{"start":{"line":1,"column":0},"end":{"line":1,"column":null}}}},"branchMap":{"0":{"loc":{"start":{"line":1,"column":0},"end":{"line":1,"column":null}},"type":"cond-expr","locations":[{"start":{"line":1,"column":0},"end":{"line":1,"column":null}},{"start":{"line":1,"column":0},"end":{"line":1,"column":null}}]}},"s":{"0":9},"f":{"0":2},"b":{"0":[1,1]}}
,"/Users/WorkPlace/Desktop/Semester 6/Software Project/badaso-lms-demo/package/badaso/badaso-lms-theme/src/resources/app/pages/course/CreateCourse.vue": {"path":"/Users/WorkPlace/Desktop/Semester 6/Software Project/badaso-lms-demo/package/badaso/badaso-lms-theme/src/resources/app/pages/course/CreateCourse.vue","statementMap":{"0":{"start":{"line":1,"column":0},"end":{"line":1,"column":null}}},"fnMap":{"0":{"name":"(anonymous_0)","decl":{"start":{"line":1,"column":0},"end":{"line":1,"column":null}},"loc":{"start":{"line":1,"column":0},"end":{"line":1,"column":null}}}},"branchMap":{},"s":{"0":172},"f":{"0":94},"b":{}}
,"/Users/WorkPlace/Desktop/Semester 6/Software Project/badaso-lms-demo/package/badaso/badaso-lms-theme/src/resources/app/pages/course/CreateCourseMaterial.vue": {"path":"/Users/WorkPlace/Desktop/Semester 6/Software Project/badaso-lms-demo/package/badaso/badaso-lms-theme/src/resources/app/pages/course/CreateCourseMaterial.vue","statementMap":{"0":{"start":{"line":1,"column":0},"end":{"line":1,"column":null}}},"fnMap":{"0":{"name":"(anonymous_0)","decl":{"start":{"line":1,"column":0},"end":{"line":1,"column":null}},"loc":{"start":{"line":1,"column":0},"end":{"line":1,"column":null}}}},"branchMap":{},"s":{"0":9},"f":{"0":2},"b":{}}
}
