{"C:\\Users\\Ilma Mannix\\Documents\\badaso-lms-demo\\package\\badaso\\badaso-lms-theme\\src\\resources\\app\\components\\AddCourseCard.vue": {"path":"C:\\Users\\Ilma Mannix\\Documents\\badaso-lms-demo\\package\\badaso\\badaso-lms-theme\\src\\resources\\app\\components\\AddCourseCard.vue","statementMap":{"0":{"start":{"line":41,"column":0},"end":{"line":41,"column":null}},"1":{"start":{"line":45,"column":0},"end":{"line":45,"column":null}},"2":{"start":{"line":1,"column":0},"end":{"line":1,"column":null}}},"fnMap":{"0":{"name":"actionRedirectToCreateCoursePage","decl":{"start":{"line":40,"column":0},"end":{"line":40,"column":null}},"loc":{"start":{"line":40,"column":0},"end":{"line":42,"column":null}}},"1":{"name":"actionRedirectToJoinCoursePage","decl":{"start":{"line":44,"column":0},"end":{"line":44,"column":null}},"loc":{"start":{"line":44,"column":0},"end":{"line":46,"column":null}}},"2":{"name":"(anonymous_2)","decl":{"start":{"line":1,"column":0},"end":{"line":1,"column":null}},"loc":{"start":{"line":1,"column":0},"end":{"line":1,"column":null}}}},"branchMap":{},"s":{"0":1,"1":1,"2":24},"f":{"0":1,"1":1,"2":6},"b":{}}
,"C:\\Users\\Ilma Mannix\\Documents\\badaso-lms-demo\\package\\badaso\\badaso-lms-theme\\src\\resources\\app\\components\\AnnouncementCard.vue": {"path":"C:\\Users\\Ilma Mannix\\Documents\\badaso-lms-demo\\package\\badaso\\badaso-lms-theme\\src\\resources\\app\\components\\AnnouncementCard.vue","statementMap":{"0":{"start":{"line":1,"column":0},"end":{"line":1,"column":null}}},"fnMap":{"0":{"name":"(anonymous_0)","decl":{"start":{"line":1,"column":0},"end":{"line":1,"column":null}},"loc":{"start":{"line":1,"column":0},"end":{"line":1,"column":null}}}},"branchMap":{"0":{"loc":{"start":{"line":1,"column":0},"end":{"line":1,"column":null}},"type":"cond-expr","locations":[{"start":{"line":1,"column":0},"end":{"line":1,"column":null}},{"start":{"line":1,"column":0},"end":{"line":1,"column":null}}]}},"s":{"0":45},"f":{"0":24},"b":{"0":[18,0]}}
,"C:\\Users\\Ilma Mannix\\Documents\\badaso-lms-demo\\package\\badaso\\badaso-lms-theme\\src\\resources\\app\\components\\AnnouncementContent.vue": {"path":"C:\\Users\\Ilma Mannix\\Documents\\badaso-lms-demo\\package\\badaso\\badaso-lms-theme\\src\\resources\\app\\components\\AnnouncementContent.vue","statementMap":{"0":{"start":{"line":1,"column":0},"end":{"line":1,"column":null}}},"fnMap":{"0":{"name":"(anonymous_0)","decl":{"start":{"line":1,"column":0},"end":{"line":1,"column":null}},"loc":{"start":{"line":1,"column":0},"end":{"line":1,"column":null}}}},"branchMap":{"0":{"loc":{"start":{"line":1,"column":0},"end":{"line":1,"column":null}},"type":"cond-expr","locations":[{"start":{"line":1,"column":0},"end":{"line":1,"column":null}},{"start":{"line":1,"column":0},"end":{"line":1,"column":null}}]}},"s":{"0":82},"f":{"0":26},"b":{"0":[33,34]}}
,"C:\\Users\\Ilma Mannix\\Documents\\badaso-lms-demo\\package\\badaso\\badaso-lms-theme\\src\\resources\\app\\components\\CourseCard.vue": {"path":"C:\\Users\\Ilma Mannix\\Documents\\badaso-lms-demo\\package\\badaso\\badaso-lms-theme\\src\\resources\\app\\components\\CourseCard.vue","statementMap":{"0":{"start":{"line":45,"column":0},"end":{"line":45,"column":null}},"1":{"start":{"line":1,"column":0},"end":{"line":1,"column":null}}},"fnMap":{"0":{"name":"actionRedirectToCoursePage","decl":{"start":{"line":44,"column":0},"end":{"line":44,"column":null}},"loc":{"start":{"line":44,"column":0},"end":{"line":46,"column":null}}},"1":{"name":"(anonymous_1)","decl":{"start":{"line":1,"column":0},"end":{"line":1,"column":null}},"loc":{"start":{"line":1,"column":0},"end":{"line":1,"column":null}}}},"branchMap":{},"s":{"0":1,"1":22},"f":{"0":1,"1":6},"b":{}}
,"C:\\Users\\Ilma Mannix\\Documents\\badaso-lms-demo\\package\\badaso\\badaso-lms-theme\\src\\resources\\app\\components\\CreateAnnouncement.vue": {"path":"C:\\Users\\Ilma Mannix\\Documents\\badaso-lms-demo\\package\\badaso\\badaso-lms-theme\\src\\resources\\app\\components\\CreateAnnouncement.vue","statementMap":{"0":{"start":{"line":1,"column":0},"end":{"line":1,"column":null}}},"fnMap":{"0":{"name":"(anonymous_0)","decl":{"start":{"line":1,"column":0},"end":{"line":1,"column":null}},"loc":{"start":{"line":1,"column":0},"end":{"line":1,"column":null}}}},"branchMap":{"0":{"loc":{"start":{"line":1,"column":0},"end":{"line":1,"column":null}},"type":"cond-expr","locations":[{"start":{"line":1,"column":0},"end":{"line":1,"column":null}},{"start":{"line":1,"column":0},"end":{"line":1,"column":null}}]}},"s":{"0":46},"f":{"0":18},"b":{"0":[14,14]}}
,"C:\\Users\\Ilma Mannix\\Documents\\badaso-lms-demo\\package\\badaso\\badaso-lms-theme\\src\\resources\\app\\components\\CreateComment.vue": {"path":"C:\\Users\\Ilma Mannix\\Documents\\badaso-lms-demo\\package\\badaso\\badaso-lms-theme\\src\\resources\\app\\components\\CreateComment.vue","statementMap":{"0":{"start":{"line":1,"column":0},"end":{"line":1,"column":null}}},"fnMap":{"0":{"name":"(anonymous_0)","decl":{"start":{"line":1,"column":0},"end":{"line":1,"column":null}},"loc":{"start":{"line":1,"column":0},"end":{"line":1,"column":null}}}},"branchMap":{},"s":{"0":39},"f":{"0":18},"b":{}}
,"C:\\Users\\Ilma Mannix\\Documents\\badaso-lms-demo\\package\\badaso\\badaso-lms-theme\\src\\resources\\app\\components\\ListComment.vue": {"path":"C:\\Users\\Ilma Mannix\\Documents\\badaso-lms-demo\\package\\badaso\\badaso-lms-theme\\src\\resources\\app\\components\\ListComment.vue","statementMap":{"0":{"start":{"line":32,"column":0},"end":{"line":32,"column":null}},"1":{"start":{"line":39,"column":0},"end":{"line":39,"column":null}},"2":{"start":{"line":40,"column":0},"end":{"line":40,"column":null}},"3":{"start":{"line":41,"column":0},"end":{"line":41,"column":null}},"4":{"start":{"line":42,"column":0},"end":{"line":42,"column":null}},"5":{"start":{"line":1,"column":0},"end":{"line":1,"column":null}}},"fnMap":{"0":{"name":"data","decl":{"start":{"line":31,"column":0},"end":{"line":31,"column":null}},"loc":{"start":{"line":31,"column":0},"end":{"line":35,"column":null}}},"1":{"name":"dateSlicing","decl":{"start":{"line":37,"column":0},"end":{"line":37,"column":null}},"loc":{"start":{"line":37,"column":0},"end":{"line":45,"column":null}}},"2":{"name":"(anonymous_2)","decl":{"start":{"line":1,"column":0},"end":{"line":1,"column":null}},"loc":{"start":{"line":1,"column":0},"end":{"line":1,"column":null}}}},"branchMap":{},"s":{"0":1,"1":1,"2":1,"3":1,"4":1,"5":12},"f":{"0":1,"1":1,"2":2},"b":{}}
,"C:\\Users\\Ilma Mannix\\Documents\\badaso-lms-demo\\package\\badaso\\badaso-lms-theme\\src\\resources\\app\\components\\Sidebar.vue": {"path":"C:\\Users\\Ilma Mannix\\Documents\\badaso-lms-demo\\package\\badaso\\badaso-lms-theme\\src\\resources\\app\\components\\Sidebar.vue","statementMap":{"0":{"start":{"line":1,"column":0},"end":{"line":1,"column":null}}},"fnMap":{"0":{"name":"(anonymous_0)","decl":{"start":{"line":1,"column":0},"end":{"line":1,"column":null}},"loc":{"start":{"line":1,"column":0},"end":{"line":1,"column":null}}}},"branchMap":{"0":{"loc":{"start":{"line":1,"column":0},"end":{"line":1,"column":null}},"type":"cond-expr","locations":[{"start":{"line":1,"column":0},"end":{"line":1,"column":null}},{"start":{"line":1,"column":0},"end":{"line":1,"column":null}}]}},"s":{"0":59},"f":{"0":10},"b":{"0":[1,4]}}
,"C:\\Users\\Ilma Mannix\\Documents\\badaso-lms-demo\\package\\badaso\\badaso-lms-theme\\src\\resources\\app\\components\\Snackbar.vue": {"path":"C:\\Users\\Ilma Mannix\\Documents\\badaso-lms-demo\\package\\badaso\\badaso-lms-theme\\src\\resources\\app\\components\\Snackbar.vue","statementMap":{"0":{"start":{"line":23,"column":0},"end":{"line":23,"column":null}},"1":{"start":{"line":26,"column":0},"end":{"line":26,"column":null}},"2":{"start":{"line":31,"column":0},"end":{"line":31,"column":null}},"3":{"start":{"line":1,"column":0},"end":{"line":1,"column":null}}},"fnMap":{"0":{"name":"getIsVisible","decl":{"start":{"line":22,"column":0},"end":{"line":22,"column":null}},"loc":{"start":{"line":22,"column":0},"end":{"line":24,"column":null}}},"1":{"name":"getContent","decl":{"start":{"line":25,"column":0},"end":{"line":25,"column":null}},"loc":{"start":{"line":25,"column":0},"end":{"line":27,"column":null}}},"2":{"name":"close","decl":{"start":{"line":30,"column":0},"end":{"line":30,"column":null}},"loc":{"start":{"line":30,"column":0},"end":{"line":32,"column":null}}},"3":{"name":"(anonymous_3)","decl":{"start":{"line":1,"column":0},"end":{"line":1,"column":null}},"loc":{"start":{"line":1,"column":0},"end":{"line":1,"column":null}}}},"branchMap":{},"s":{"0":2,"1":2,"2":0,"3":45},"f":{"0":2,"1":2,"2":0,"3":2},"b":{}}
,"C:\\Users\\Ilma Mannix\\Documents\\badaso-lms-demo\\package\\badaso\\badaso-lms-theme\\src\\resources\\app\\components\\Container\\AnnouncementContainer.vue": {"path":"C:\\Users\\Ilma Mannix\\Documents\\badaso-lms-demo\\package\\badaso\\badaso-lms-theme\\src\\resources\\app\\components\\Container\\AnnouncementContainer.vue","statementMap":{"0":{"start":{"line":1,"column":0},"end":{"line":1,"column":null}}},"fnMap":{"0":{"name":"(anonymous_0)","decl":{"start":{"line":1,"column":0},"end":{"line":1,"column":null}},"loc":{"start":{"line":1,"column":0},"end":{"line":1,"column":null}}}},"branchMap":{},"s":{"0":12},"f":{"0":2},"b":{}}
,"C:\\Users\\Ilma Mannix\\Documents\\badaso-lms-demo\\package\\badaso\\badaso-lms-theme\\src\\resources\\app\\components\\Layout\\AppLayout.vue": {"path":"C:\\Users\\Ilma Mannix\\Documents\\badaso-lms-demo\\package\\badaso\\badaso-lms-theme\\src\\resources\\app\\components\\Layout\\AppLayout.vue","statementMap":{"0":{"start":{"line":1,"column":0},"end":{"line":1,"column":null}}},"fnMap":{"0":{"name":"(anonymous_0)","decl":{"start":{"line":1,"column":0},"end":{"line":1,"column":null}},"loc":{"start":{"line":1,"column":0},"end":{"line":1,"column":null}}}},"branchMap":{},"s":{"0":42},"f":{"0":2},"b":{}}
,"C:\\Users\\Ilma Mannix\\Documents\\badaso-lms-demo\\package\\badaso\\badaso-lms-theme\\src\\resources\\app\\components\\Layout\\CreationLayout.vue": {"path":"C:\\Users\\Ilma Mannix\\Documents\\badaso-lms-demo\\package\\badaso\\badaso-lms-theme\\src\\resources\\app\\components\\Layout\\CreationLayout.vue","statementMap":{"0":{"start":{"line":1,"column":0},"end":{"line":1,"column":null}}},"fnMap":{"0":{"name":"(anonymous_0)","decl":{"start":{"line":1,"column":0},"end":{"line":1,"column":null}},"loc":{"start":{"line":1,"column":0},"end":{"line":1,"column":null}}}},"branchMap":{"0":{"loc":{"start":{"line":1,"column":0},"end":{"line":1,"column":null}},"type":"cond-expr","locations":[{"start":{"line":1,"column":0},"end":{"line":1,"column":null}},{"start":{"line":1,"column":0},"end":{"line":1,"column":null}}]}},"s":{"0":45},"f":{"0":12},"b":{"0":[8,8]}}
,"C:\\Users\\Ilma Mannix\\Documents\\badaso-lms-demo\\package\\badaso\\badaso-lms-theme\\src\\resources\\app\\components\\Layout\\NotAuthenticated.vue": {"path":"C:\\Users\\Ilma Mannix\\Documents\\badaso-lms-demo\\package\\badaso\\badaso-lms-theme\\src\\resources\\app\\components\\Layout\\NotAuthenticated.vue","statementMap":{"0":{"start":{"line":11,"column":0},"end":{"line":13,"column":null}},"1":{"start":{"line":12,"column":0},"end":{"line":12,"column":null}},"2":{"start":{"line":1,"column":0},"end":{"line":1,"column":null}}},"fnMap":{"0":{"name":"beforeCreate","decl":{"start":{"line":10,"column":0},"end":{"line":10,"column":null}},"loc":{"start":{"line":10,"column":0},"end":{"line":14,"column":null}}},"1":{"name":"(anonymous_1)","decl":{"start":{"line":1,"column":0},"end":{"line":1,"column":null}},"loc":{"start":{"line":1,"column":0},"end":{"line":1,"column":null}}}},"branchMap":{"0":{"loc":{"start":{"line":11,"column":0},"end":{"line":13,"column":null}},"type":"if","locations":[{"start":{"line":11,"column":0},"end":{"line":13,"column":null}}]}},"s":{"0":2,"1":1,"2":15},"f":{"0":2,"1":2},"b":{"0":[1]}}
,"C:\\Users\\Ilma Mannix\\Documents\\badaso-lms-demo\\package\\badaso\\badaso-lms-theme\\src\\resources\\app\\pages\\404.vue": {"path":"C:\\Users\\Ilma Mannix\\Documents\\badaso-lms-demo\\package\\badaso\\badaso-lms-theme\\src\\resources\\app\\pages\\404.vue","statementMap":{"0":{"start":{"line":1,"column":0},"end":{"line":1,"column":null}}},"fnMap":{"0":{"name":"(anonymous_0)","decl":{"start":{"line":1,"column":0},"end":{"line":1,"column":null}},"loc":{"start":{"line":1,"column":0},"end":{"line":1,"column":null}}}},"branchMap":{},"s":{"0":6},"f":{"0":1},"b":{}}
,"C:\\Users\\Ilma Mannix\\Documents\\badaso-lms-demo\\package\\badaso\\badaso-lms-theme\\src\\resources\\app\\pages\\ClassworkPage.vue": {"path":"C:\\Users\\Ilma Mannix\\Documents\\badaso-lms-demo\\package\\badaso\\badaso-lms-theme\\src\\resources\\app\\pages\\ClassworkPage.vue","statementMap":{"0":{"start":{"line":1,"column":0},"end":{"line":1,"column":null}}},"fnMap":{"0":{"name":"(anonymous_0)","decl":{"start":{"line":1,"column":0},"end":{"line":1,"column":null}},"loc":{"start":{"line":1,"column":0},"end":{"line":1,"column":null}}}},"branchMap":{"0":{"loc":{"start":{"line":1,"column":0},"end":{"line":1,"column":null}},"type":"cond-expr","locations":[{"start":{"line":1,"column":0},"end":{"line":1,"column":null}},{"start":{"line":1,"column":0},"end":{"line":1,"column":null}}]}},"s":{"0":28},"f":{"0":10},"b":{"0":[1,8]}}
,"C:\\Users\\Ilma Mannix\\Documents\\badaso-lms-demo\\package\\badaso\\badaso-lms-theme\\src\\resources\\app\\pages\\CreateTopic.vue": {"path":"C:\\Users\\Ilma Mannix\\Documents\\badaso-lms-demo\\package\\badaso\\badaso-lms-theme\\src\\resources\\app\\pages\\CreateTopic.vue","statementMap":{"0":{"start":{"line":1,"column":0},"end":{"line":1,"column":null}}},"fnMap":{"0":{"name":"(anonymous_0)","decl":{"start":{"line":1,"column":0},"end":{"line":1,"column":null}},"loc":{"start":{"line":1,"column":0},"end":{"line":1,"column":null}}}},"branchMap":{},"s":{"0":15},"f":{"0":6},"b":{}}
,"C:\\Users\\Ilma Mannix\\Documents\\badaso-lms-demo\\package\\badaso\\badaso-lms-theme\\src\\resources\\app\\pages\\JoinCourse.vue": {"path":"C:\\Users\\Ilma Mannix\\Documents\\badaso-lms-demo\\package\\badaso\\badaso-lms-theme\\src\\resources\\app\\pages\\JoinCourse.vue","statementMap":{"0":{"start":{"line":1,"column":0},"end":{"line":1,"column":null}}},"fnMap":{"0":{"name":"(anonymous_0)","decl":{"start":{"line":1,"column":0},"end":{"line":1,"column":null}},"loc":{"start":{"line":1,"column":0},"end":{"line":1,"column":null}}}},"branchMap":{},"s":{"0":21},"f":{"0":9},"b":{}}
,"C:\\Users\\Ilma Mannix\\Documents\\badaso-lms-demo\\package\\badaso\\badaso-lms-theme\\src\\resources\\app\\pages\\PeopleInCourse.vue": {"path":"C:\\Users\\Ilma Mannix\\Documents\\badaso-lms-demo\\package\\badaso\\badaso-lms-theme\\src\\resources\\app\\pages\\PeopleInCourse.vue","statementMap":{"0":{"start":{"line":1,"column":0},"end":{"line":1,"column":null}}},"fnMap":{"0":{"name":"(anonymous_0)","decl":{"start":{"line":1,"column":0},"end":{"line":1,"column":null}},"loc":{"start":{"line":1,"column":0},"end":{"line":1,"column":null}}}},"branchMap":{"0":{"loc":{"start":{"line":1,"column":0},"end":{"line":1,"column":null}},"type":"cond-expr","locations":[{"start":{"line":1,"column":0},"end":{"line":1,"column":null}},{"start":{"line":1,"column":0},"end":{"line":1,"column":null}}]}},"s":{"0":8},"f":{"0":3},"b":{"0":[1,1]}}
,"C:\\Users\\Ilma Mannix\\Documents\\badaso-lms-demo\\package\\badaso\\badaso-lms-theme\\src\\resources\\app\\pages\\UpdateTopic.vue": {"path":"C:\\Users\\Ilma Mannix\\Documents\\badaso-lms-demo\\package\\badaso\\badaso-lms-theme\\src\\resources\\app\\pages\\UpdateTopic.vue","statementMap":{"0":{"start":{"line":1,"column":0},"end":{"line":1,"column":null}}},"fnMap":{"0":{"name":"(anonymous_0)","decl":{"start":{"line":1,"column":0},"end":{"line":1,"column":null}},"loc":{"start":{"line":1,"column":0},"end":{"line":1,"column":null}}}},"branchMap":{},"s":{"0":15},"f":{"0":6},"b":{}}
,"C:\\Users\\Ilma Mannix\\Documents\\badaso-lms-demo\\package\\badaso\\badaso-lms-theme\\src\\resources\\app\\pages\\ViewCourse.vue": {"path":"C:\\Users\\Ilma Mannix\\Documents\\badaso-lms-demo\\package\\badaso\\badaso-lms-theme\\src\\resources\\app\\pages\\ViewCourse.vue","statementMap":{"0":{"start":{"line":1,"column":0},"end":{"line":1,"column":null}}},"fnMap":{"0":{"name":"(anonymous_0)","decl":{"start":{"line":1,"column":0},"end":{"line":1,"column":null}},"loc":{"start":{"line":1,"column":0},"end":{"line":1,"column":null}}}},"branchMap":{},"s":{"0":15},"f":{"0":6},"b":{}}
,"C:\\Users\\Ilma Mannix\\Documents\\badaso-lms-demo\\package\\badaso\\badaso-lms-theme\\src\\resources\\app\\pages\\courseStream.vue": {"path":"C:\\Users\\Ilma Mannix\\Documents\\badaso-lms-demo\\package\\badaso\\badaso-lms-theme\\src\\resources\\app\\pages\\courseStream.vue","statementMap":{"0":{"start":{"line":1,"column":0},"end":{"line":1,"column":null}}},"fnMap":{"0":{"name":"(anonymous_0)","decl":{"start":{"line":1,"column":0},"end":{"line":1,"column":null}},"loc":{"start":{"line":1,"column":0},"end":{"line":1,"column":null}}}},"branchMap":{"0":{"loc":{"start":{"line":1,"column":0},"end":{"line":1,"column":null}},"type":"cond-expr","locations":[{"start":{"line":1,"column":0},"end":{"line":1,"column":null}},{"start":{"line":1,"column":0},"end":{"line":1,"column":null}}]}},"s":{"0":26},"f":{"0":10},"b":{"0":[4,6]}}
,"C:\\Users\\Ilma Mannix\\Documents\\badaso-lms-demo\\package\\badaso\\badaso-lms-theme\\src\\resources\\app\\pages\\index.vue": {"path":"C:\\Users\\Ilma Mannix\\Documents\\badaso-lms-demo\\package\\badaso\\badaso-lms-theme\\src\\resources\\app\\pages\\index.vue","statementMap":{"0":{"start":{"line":1,"column":0},"end":{"line":1,"column":null}}},"fnMap":{"0":{"name":"(anonymous_0)","decl":{"start":{"line":1,"column":0},"end":{"line":1,"column":null}},"loc":{"start":{"line":1,"column":0},"end":{"line":1,"column":null}}}},"branchMap":{},"s":{"0":6},"f":{"0":1},"b":{}}
,"C:\\Users\\Ilma Mannix\\Documents\\badaso-lms-demo\\package\\badaso\\badaso-lms-theme\\src\\resources\\app\\pages\\login.vue": {"path":"C:\\Users\\Ilma Mannix\\Documents\\badaso-lms-demo\\package\\badaso\\badaso-lms-theme\\src\\resources\\app\\pages\\login.vue","statementMap":{"0":{"start":{"line":1,"column":0},"end":{"line":1,"column":null}}},"fnMap":{"0":{"name":"(anonymous_0)","decl":{"start":{"line":1,"column":0},"end":{"line":1,"column":null}},"loc":{"start":{"line":1,"column":0},"end":{"line":1,"column":null}}}},"branchMap":{"0":{"loc":{"start":{"line":1,"column":0},"end":{"line":1,"column":null}},"type":"binary-expr","locations":[{"start":{"line":1,"column":0},"end":{"line":1,"column":null}},{"start":{"line":1,"column":0},"end":{"line":1,"column":null}}]}},"s":{"0":37},"f":{"0":19},"b":{"0":[10,3]}}
,"C:\\Users\\Ilma Mannix\\Documents\\badaso-lms-demo\\package\\badaso\\badaso-lms-theme\\src\\resources\\app\\pages\\register.vue": {"path":"C:\\Users\\Ilma Mannix\\Documents\\badaso-lms-demo\\package\\badaso\\badaso-lms-theme\\src\\resources\\app\\pages\\register.vue","statementMap":{"0":{"start":{"line":1,"column":0},"end":{"line":1,"column":null}}},"fnMap":{"0":{"name":"(anonymous_0)","decl":{"start":{"line":1,"column":0},"end":{"line":1,"column":null}},"loc":{"start":{"line":1,"column":0},"end":{"line":1,"column":null}}}},"branchMap":{"0":{"loc":{"start":{"line":1,"column":0},"end":{"line":1,"column":null}},"type":"binary-expr","locations":[{"start":{"line":1,"column":0},"end":{"line":1,"column":null}},{"start":{"line":1,"column":0},"end":{"line":1,"column":null}}]}},"s":{"0":47},"f":{"0":26},"b":{"0":[10,4]}}
,"C:\\Users\\Ilma Mannix\\Documents\\badaso-lms-demo\\package\\badaso\\badaso-lms-theme\\src\\resources\\app\\pages\\course\\Announcement.vue": {"path":"C:\\Users\\Ilma Mannix\\Documents\\badaso-lms-demo\\package\\badaso\\badaso-lms-theme\\src\\resources\\app\\pages\\course\\Announcement.vue","statementMap":{"0":{"start":{"line":1,"column":0},"end":{"line":1,"column":null}}},"fnMap":{"0":{"name":"(anonymous_0)","decl":{"start":{"line":1,"column":0},"end":{"line":1,"column":null}},"loc":{"start":{"line":1,"column":0},"end":{"line":1,"column":null}}}},"branchMap":{},"s":{"0":6},"f":{"0":1},"b":{}}
,"C:\\Users\\Ilma Mannix\\Documents\\badaso-lms-demo\\package\\badaso\\badaso-lms-theme\\src\\resources\\app\\pages\\course\\CourseMaterial.vue": {"path":"C:\\Users\\Ilma Mannix\\Documents\\badaso-lms-demo\\package\\badaso\\badaso-lms-theme\\src\\resources\\app\\pages\\course\\CourseMaterial.vue","statementMap":{"0":{"start":{"line":1,"column":0},"end":{"line":1,"column":null}}},"fnMap":{"0":{"name":"(anonymous_0)","decl":{"start":{"line":1,"column":0},"end":{"line":1,"column":null}},"loc":{"start":{"line":1,"column":0},"end":{"line":1,"column":null}}}},"branchMap":{"0":{"loc":{"start":{"line":1,"column":0},"end":{"line":1,"column":null}},"type":"cond-expr","locations":[{"start":{"line":1,"column":0},"end":{"line":1,"column":null}},{"start":{"line":1,"column":0},"end":{"line":1,"column":null}}]}},"s":{"0":12},"f":{"0":3},"b":{"0":[2,1]}}
,"C:\\Users\\Ilma Mannix\\Documents\\badaso-lms-demo\\package\\badaso\\badaso-lms-theme\\src\\resources\\app\\pages\\course\\CreateCourse.vue": {"path":"C:\\Users\\Ilma Mannix\\Documents\\badaso-lms-demo\\package\\badaso\\badaso-lms-theme\\src\\resources\\app\\pages\\course\\CreateCourse.vue","statementMap":{"0":{"start":{"line":1,"column":0},"end":{"line":1,"column":null}}},"fnMap":{"0":{"name":"(anonymous_0)","decl":{"start":{"line":1,"column":0},"end":{"line":1,"column":null}},"loc":{"start":{"line":1,"column":0},"end":{"line":1,"column":null}}}},"branchMap":{},"s":{"0":172},"f":{"0":94},"b":{}}
,"C:\\Users\\Ilma Mannix\\Documents\\badaso-lms-demo\\package\\badaso\\badaso-lms-theme\\src\\resources\\app\\pages\\course\\CreateCourseMaterial.vue": {"path":"C:\\Users\\Ilma Mannix\\Documents\\badaso-lms-demo\\package\\badaso\\badaso-lms-theme\\src\\resources\\app\\pages\\course\\CreateCourseMaterial.vue","statementMap":{"0":{"start":{"line":1,"column":0},"end":{"line":1,"column":null}}},"fnMap":{"0":{"name":"(anonymous_0)","decl":{"start":{"line":1,"column":0},"end":{"line":1,"column":null}},"loc":{"start":{"line":1,"column":0},"end":{"line":1,"column":null}}}},"branchMap":{},"s":{"0":15},"f":{"0":6},"b":{}}
}
