TN:
SF:src/resources/app/components/AddCourseCard.vue
FN:45,actionRedirectToCreateCoursePage
FN:49,actionRedirectToJoinCoursePage
FN:1,(anonymous_2)
FNF:3
FNH:3
FNDA:1,actionRedirectToCreateCoursePage
FNDA:1,actionRedirectToJoinCoursePage
FNDA:6,(anonymous_2)
DA:1,24
DA:46,1
DA:50,1
LF:3
LH:3
BRF:0
BRH:0
end_of_record
TN:
SF:src/resources/app/components/AnnouncementCard.vue
FN:1,(anonymous_0)
FNF:1
FNH:1
FNDA:4,(anonymous_0)
DA:1,19
LF:1
LH:1
BRDA:1,0,0,1
BRDA:1,0,1,0
BRF:2
BRH:1
end_of_record
TN:
SF:src/resources/app/components/AnnouncementContent.vue
FN:1,(anonymous_0)
FNF:1
FNH:1
FNDA:14,(anonymous_0)
DA:1,46
LF:1
LH:1
BRDA:1,0,0,10
BRDA:1,0,1,17
BRF:2
BRH:2
end_of_record
TN:
SF:src/resources/app/components/CourseCard.vue
FN:44,actionRedirectToCoursePage
FN:1,(anonymous_1)
FNF:2
FNH:2
FNDA:1,actionRedirectToCoursePage
FNDA:6,(anonymous_1)
DA:1,22
DA:45,1
LF:2
LH:2
BRF:0
BRH:0
end_of_record
TN:
SF:src/resources/app/components/CreateAnnouncement.vue
FN:1,(anonymous_0)
FNF:1
FNH:1
FNDA:18,(anonymous_0)
DA:1,46
DA:89,3
LF:2
LH:2
BRDA:1,0,0,14
BRDA:1,0,1,14
BRF:2
BRH:2
end_of_record
TN:
SF:src/resources/app/components/Sidebar.vue
FN:1,(anonymous_0)
FNF:1
FNH:1
FNDA:10,(anonymous_0)
DA:1,41
LF:1
LH:1
BRDA:1,0,0,1
BRDA:1,0,1,4
BRF:2
BRH:2
end_of_record
TN:
SF:src/resources/app/components/Snackbar.vue
FN:14,getIsVisible
FN:17,getContent
FN:1,(anonymous_2)
FNF:3
FNH:3
FNDA:2,getIsVisible
FNDA:2,getContent
FNDA:2,(anonymous_2)
DA:1,27
DA:15,2
DA:18,2
LF:3
LH:3
BRF:0
BRH:0
end_of_record
TN:
SF:src/resources/app/components/Container/AnnouncementContainer.vue
FN:1,(anonymous_0)
FNF:1
FNH:1
FNDA:2,(anonymous_0)
DA:1,12
DA:23,2
LF:2
LH:2
BRF:0
BRH:0
end_of_record
TN:
SF:src/resources/app/components/Layout/AppLayout.vue
FN:1,(anonymous_0)
FNF:1
FNH:1
FNDA:2,(anonymous_0)
DA:1,24
LF:1
LH:1
BRF:0
BRH:0
end_of_record
TN:
SF:src/resources/app/components/Layout/NotAuthenticated.vue
FN:10,beforeCreate
FN:1,(anonymous_1)
FNF:2
FNH:2
FNDA:2,beforeCreate
FNDA:2,(anonymous_1)
DA:1,15
DA:11,2
DA:12,1
LF:3
LH:3
BRDA:11,0,0,1
BRF:1
BRH:1
end_of_record
TN:
SF:src/resources/app/pages/JoinCourse.vue
FN:1,(anonymous_0)
FNF:1
FNH:1
FNDA:9,(anonymous_0)
DA:1,21
LF:1
LH:1
BRF:0
BRH:0
end_of_record
TN:
SF:src/resources/app/pages/PeopleInCourse.vue
FN:1,(anonymous_0)
FNF:1
FNH:1
FNDA:3,(anonymous_0)
DA:1,8
LF:1
LH:1
BRDA:1,0,0,1
BRDA:1,0,1,1
BRF:2
BRH:2
end_of_record
TN:
SF:src/resources/app/pages/ViewCourse.vue
FN:1,(anonymous_0)
FNF:1
FNH:1
FNDA:6,(anonymous_0)
DA:1,15
LF:1
LH:1
BRF:0
BRH:0
end_of_record
TN:
SF:src/resources/app/pages/courseStream.vue
FN:1,(anonymous_0)
FNF:1
FNH:1
FNDA:10,(anonymous_0)
DA:1,23
LF:1
LH:1
BRDA:1,0,0,4
BRDA:1,0,1,4
BRF:2
BRH:2
end_of_record
TN:
SF:src/resources/app/pages/index.vue
FN:1,(anonymous_0)
FNF:1
FNH:1
FNDA:1,(anonymous_0)
DA:1,6
LF:1
LH:1
BRF:0
BRH:0
end_of_record
TN:
SF:src/resources/app/pages/login.vue
FN:1,(anonymous_0)
FNF:1
FNH:1
FNDA:19,(anonymous_0)
DA:1,37
LF:1
LH:1
BRDA:1,0,0,10
BRDA:1,0,1,3
BRF:2
BRH:2
end_of_record
TN:
SF:src/resources/app/pages/register.vue
FN:1,(anonymous_0)
FNF:1
FNH:1
FNDA:26,(anonymous_0)
DA:1,47
LF:1
LH:1
BRDA:1,0,0,10
BRDA:1,0,1,4
BRF:2
BRH:2
end_of_record
TN:
SF:src/resources/app/pages/course/Announcement.vue
FN:1,(anonymous_0)
FNF:1
FNH:1
FNDA:1,(anonymous_0)
DA:1,6
LF:1
LH:1
BRF:0
BRH:0
end_of_record
TN:
SF:src/resources/app/pages/course/CreateCourse.vue
FN:1,(anonymous_0)
FNF:1
FNH:1
FNDA:94,(anonymous_0)
DA:1,172
LF:1
LH:1
BRF:0
BRH:0
end_of_record
